<?xml version="1.0" encoding="UTF-8"?>
<!-- Generated by org.testng.reporters.JUnitXMLReporter -->
<testsuite ignored="0" hostname="Sweetie" failures="1" tests="23" name="Functional test execution" time="136.201" errors="0" timestamp="2026-08-09T23:07:35 IST">
  <testcase classname="tests.AccountTest" name="AddAccountDetails" time="4.749"/>
  <testcase classname="tests.AccountTest" name="VerifyAccountsListLoad" time="3.091"/>
  <testcase classname="tests.AccountTest" name="Verify_AccountDetails_Display" time="4.718"/>
  <testcase classname="tests.AccountTest" name="Verify_OverdraftBanner" time="3.537"/>
  <testcase classname="tests.DashboardTest" name="Verify_RecentTransactionsDates_inDescOrder" time="3.138"/>
  <testcase classname="tests.DashboardTest" name="Verify_RecentTransactions_ListSize" time="2.933"/>
  <testcase classname="tests.DashboardTest" name="Verify_url_afterNavaigatingTo_Transfer" time="7.98"/>
  <testcase classname="tests.DashboardTest" name="Verify_Dashboard_Load" time="2.995"/>
  <testcase classname="tests.DashboardTest" name="Verify_Total_Balance" time="3.52"/>
  <testcase classname="tests.DashboardTest" name="VerifyThemeToggle" time="3.333"/>
  <testcase classname="tests.QAplaygroundLogin_test" name="Loginfunctionality" time="3.304"/>
  <testcase classname="tests.QAplaygroundLogin_test" name="Loginfunctionality" time="1.944"/>
  <testcase classname="tests.QAplaygroundLogin_test" name="Loginfunctionality" time="1.985"/>
  <testcase classname="tests.QAplaygroundLogin_test" name="Loginfunctionality" time="2.464"/>
  <testcase classname="tests.QAplaygroundLogin_test" name="testQAplaygroundLogin" time="1.936"/>
  <testcase classname="tests.sendMoneyTest" name="Verify_FrozenAccountBlock" time="2.763"/>
  <testcase classname="tests.sendMoneyTest" name="addNewPayee_Verify_inPayeeOptions" time="4.428"/>
  <testcase classname="tests.TransferTest" name="Verify_FromToaccounts_Tranferform" time="8.23"/>
  <testcase classname="tests.TransferTest" name="Verify_InsufficientFundsValidation" time="6.039"/>
  <testcase classname="tests.TransferTest" name="Verify_InternalTransferForm_Load" time="3.477"/>
  <testcase classname="tests.TransferTest" name="Verify_ScheduledTransferFlow" time="8.685">
    <failure type="java.time.temporal.UnsupportedTemporalTypeException" message="Unsupported field: MinuteOfHour">
      <![CDATA[java.time.temporal.UnsupportedTemporalTypeException: Unsupported field: MinuteOfHour
at java.base/java.time.LocalDate.get0(LocalDate.java:698)
at java.base/java.time.LocalDate.getLong(LocalDate.java:678)
at java.base/java.time.format.DateTimePrintContext.getValue(DateTimePrintContext.java:308)
at java.base/java.time.format.DateTimeFormatterBuilder$NumberPrinterParser.format(DateTimeFormatterBuilder.java:2914)
at java.base/java.time.format.DateTimeFormatterBuilder$CompositePrinterParser.format(DateTimeFormatterBuilder.java:2529)
at java.base/java.time.format.DateTimeFormatter.formatTo(DateTimeFormatter.java:1905)
at java.base/java.time.format.DateTimeFormatter.format(DateTimeFormatter.java:1879)
at java.base/java.time.LocalDate.format(LocalDate.java:1797)
at pages.Transfer.enterPastdate_InSchedule(Transfer.java:161)
at tests.TransferTest.Verify_ScheduledTransferFlow(TransferTest.java:139)
at java.base/java.util.ArrayList.forEach(ArrayList.java:1596)
... Removed 25 stack frames]]>
    </failure>
  </testcase> <!-- Verify_ScheduledTransferFlow -->
  <testcase classname="tests.TransferTest" name="Verify_SuccessfulInternalTransfer" time="6.504"/>
  <testcase classname="tests.TransferTest" name="Verify_TransferBalancesUpdate" time="6.964"/>
</testsuite> <!-- Functional test execution -->
