<?xml version="1.0" encoding="UTF-8"?>
<!-- Generated by org.testng.reporters.JUnitXMLReporter -->
<testsuite ignored="5" hostname="Sweetie" failures="0" tests="3" name="Test" time="15.071" errors="0" timestamp="2026-08-09T15:37:35 IST">
  <testcase classname="tests.QAplaygroundLogin_test" name="testQAplaygroundLogin" time="2.672"/>
  <testcase classname="tests.DashboardTest" name="Verify_Dashboard_Load" time="5.179"/>
  <testcase classname="tests.DashboardTest" name="Verify_Total_Balance" time="6.394"/>
  <testcase classname="tests.QAplaygroundLogin_test" name="Loginfunctionality" time="0.0">
    <ignored/>
  </testcase> <!-- Loginfunctionality -->
  <testcase classname="tests.DashboardTest" name="Verify_RecentTransactionsDates_inDescOrder" time="0.0">
    <ignored/>
  </testcase> <!-- Verify_RecentTransactionsDates_inDescOrder -->
  <testcase classname="tests.DashboardTest" name="Verify_url_afterNavaigatingTo_Transfer" time="0.0">
    <ignored/>
  </testcase> <!-- Verify_url_afterNavaigatingTo_Transfer -->
  <testcase classname="tests.DashboardTest" name="VerifyThemeToggle" time="0.0">
    <ignored/>
  </testcase> <!-- VerifyThemeToggle -->
  <testcase classname="tests.DashboardTest" name="Verify_RecentTransactions_ListSize" time="0.0">
    <ignored/>
  </testcase> <!-- Verify_RecentTransactions_ListSize -->
</testsuite> <!-- Test -->
