<?xml version="1.0" encoding="UTF-8"?>
<!-- Generated by org.testng.reporters.JUnitReportReporter -->
<testsuite hostname="Sweetie" failures="0" tests="4" name="tests.AccountTest" time="24.940" errors="0" timestamp="2026-08-09T23:07:35 IST" skipped="0">
  <testcase classname="tests.AccountTest" name="VerifyAccountsListLoad" time="7.385"/>
  <testcase classname="tests.AccountTest" name="Verify_OverdraftBanner" time="5.067"/>
  <testcase classname="tests.AccountTest" name="Verify_AccountDetails_Display" time="6.224"/>
  <testcase classname="tests.AccountTest" name="AddAccountDetails" time="6.264"/>
</testsuite> <!-- tests.AccountTest -->
