<?xml version="1.0" encoding="UTF-8"?>
<!-- Generated by org.testng.reporters.JUnitReportReporter -->
<testsuite hostname="Sweetie" failures="0" tests="5" name="tests.QAplaygroundLogin_test" time="18.957" errors="0" timestamp="2026-08-09T23:07:35 IST" skipped="0">
  <testcase classname="tests.QAplaygroundLogin_test" name="Loginfunctionality" time="3.894"/>
  <testcase classname="tests.QAplaygroundLogin_test" name="Loginfunctionality" time="3.241"/>
  <testcase classname="tests.QAplaygroundLogin_test" name="testQAplaygroundLogin" time="3.469"/>
  <testcase classname="tests.QAplaygroundLogin_test" name="Loginfunctionality" time="4.820"/>
  <testcase classname="tests.QAplaygroundLogin_test" name="Loginfunctionality" time="3.533"/>
</testsuite> <!-- tests.QAplaygroundLogin_test -->
