<?xml version="1.0" encoding="UTF-8"?>
<!-- Generated by org.testng.reporters.JUnitReportReporter -->
<testsuite hostname="Sweetie" failures="0" tests="6" name="tests.DashboardTest" time="33.110" errors="0" timestamp="2026-08-09T23:07:35 IST" skipped="0">
  <testcase classname="tests.DashboardTest" name="Verify_RecentTransactionsDates_inDescOrder" time="4.600"/>
  <testcase classname="tests.DashboardTest" name="Verify_url_afterNavaigatingTo_Transfer" time="9.448"/>
  <testcase classname="tests.DashboardTest" name="Verify_RecentTransactions_ListSize" time="4.436"/>
  <testcase classname="tests.DashboardTest" name="Verify_Dashboard_Load" time="4.580"/>
  <testcase classname="tests.DashboardTest" name="Verify_Total_Balance" time="5.096"/>
  <testcase classname="tests.DashboardTest" name="VerifyThemeToggle" time="4.950"/>
</testsuite> <!-- tests.DashboardTest -->
