<?xml version="1.0" encoding="UTF-8"?>
<!-- Generated by org.testng.reporters.JUnitReportReporter -->
<testsuite hostname="Sweetie" failures="0" tests="6" name="tests.TransferTest" time="48.879" errors="1" timestamp="2026-08-09T23:07:35 IST" skipped="0">
  <testcase classname="tests.TransferTest" name="Verify_FromToaccounts_Tranferform" time="9.639"/>
  <testcase classname="tests.TransferTest" name="Verify_InternalTransferForm_Load" time="5.001"/>
  <testcase classname="tests.TransferTest" name="Verify_TransferBalancesUpdate" time="8.436"/>
  <testcase classname="tests.TransferTest" name="Verify_SuccessfulInternalTransfer" time="7.874"/>
  <testcase classname="tests.TransferTest" name="Verify_InsufficientFundsValidation" time="7.673"/>
  <testcase classname="tests.TransferTest" name="Verify_ScheduledTransferFlow" time="10.256">
    <error message="Unsupported field: MinuteOfHour" type="java.time.temporal.UnsupportedTemporalTypeException">
      <![CDATA[java.time.temporal.UnsupportedTemporalTypeException: Unsupported field: MinuteOfHour
at java.base/java.time.LocalDate.get0(LocalDate.java:698)
at java.base/java.time.LocalDate.getLong(LocalDate.java:678)
at java.base/java.time.format.DateTimePrintContext.getValue(DateTimePrintContext.java:308)
at java.base/java.time.format.DateTimeFormatterBuilder$NumberPrinterParser.format(DateTimeFormatterBuilder.java:2914)
at java.base/java.time.format.DateTimeFormatterBuilder$CompositePrinterParser.format(DateTimeFormatterBuilder.java:2529)
at java.base/java.time.format.DateTimeFormatter.formatTo(DateTimeFormatter.java:1905)
at java.base/java.time.format.DateTimeFormatter.format(DateTimeFormatter.java:1879)
at java.base/java.time.LocalDate.format(LocalDate.java:1797)
at pages.Transfer.enterPastdate_InSchedule(Transfer.java:161)
at tests.TransferTest.Verify_ScheduledTransferFlow(TransferTest.java:139)
at java.base/jdk.internal.reflect.DirectMethodHandleAccessor.invoke(DirectMethodHandleAccessor.java:103)
at java.base/java.lang.reflect.Method.invoke(Method.java:580)
at org.testng.internal.invokers.MethodInvocationHelper.invokeMethod(MethodInvocationHelper.java:141)
at org.testng.internal.invokers.TestInvoker.invokeMethod(TestInvoker.java:686)
at org.testng.internal.invokers.TestInvoker.invokeTestMethod(TestInvoker.java:230)
at org.testng.internal.invokers.MethodRunner.runInSequence(MethodRunner.java:63)
at org.testng.internal.invokers.TestInvoker$MethodInvocationAgent.invoke(TestInvoker.java:992)
at org.testng.internal.invokers.TestInvoker.invokeTestMethods(TestInvoker.java:203)
at org.testng.internal.invokers.TestMethodWorker.invokeTestMethods(TestMethodWorker.java:154)
at org.testng.internal.invokers.TestMethodWorker.run(TestMethodWorker.java:134)
at java.base/java.util.ArrayList.forEach(ArrayList.java:1596)
at org.testng.TestRunner.privateRun(TestRunner.java:739)
at org.testng.TestRunner.run(TestRunner.java:614)
at org.testng.SuiteRunner.runTest(SuiteRunner.java:421)
at org.testng.SuiteRunner.runSequentially(SuiteRunner.java:413)
at org.testng.SuiteRunner.privateRun(SuiteRunner.java:373)
at org.testng.SuiteRunner.run(SuiteRunner.java:312)
at org.testng.SuiteRunnerWorker.runSuite(SuiteRunnerWorker.java:52)
at org.testng.SuiteRunnerWorker.run(SuiteRunnerWorker.java:95)
at org.testng.TestNG.runSuitesSequentially(TestNG.java:1274)
at org.testng.TestNG.runSuitesLocally(TestNG.java:1208)
at org.testng.TestNG.runSuites(TestNG.java:1112)
at org.testng.TestNG.run(TestNG.java:1079)
at org.testng.remote.AbstractRemoteTestNG.run(AbstractRemoteTestNG.java:115)
at org.testng.remote.RemoteTestNG.initAndRun(RemoteTestNG.java:293)
at org.testng.remote.RemoteTestNG.main(RemoteTestNG.java:91)
]]>
    </error>
  </testcase> <!-- Verify_ScheduledTransferFlow -->
</testsuite> <!-- tests.TransferTest -->
